{
  "RSpec": {
    "coverage": {
      "/csce431/csce431/cadet-member-tracker/spec/controllers/links_spec.rb": {
        "lines": [
          1,
          1,
          1,
          null,
          null,
          1,
          1,
          2,
          2,
          null,
          null,
          1,
          2,
          null,
          null,
          1,
          1,
          1,
          1,
          1,
          1,
          1,
          1,
          1,
          1,
          1,
          1,
          1,
          1,
          1,
          1,
          1,
          1,
          1,
          null,
          null,
          1,
          1,
          1,
          1,
          null,
          null,
          null,
          1,
          null,
          1,
          1,
          null,
          null,
          null,
          null,
          null,
          null,
          null,
          null,
          null,
          null,
          null,
          null,
          null,
          null,
          1,
          0,
          null,
          null,
          null,
          null,
          null,
          null,
          null,
          null,
          null,
          null,
          null,
          null,
          null,
          null,
          1,
          0,
          null,
          null,
          null,
          null,
          null,
          null,
          null,
          null,
          null,
          null,
          null,
          null,
          null,
          null
        ]
      },
      "/csce431/csce431/cadet-member-tracker/spec/controllers/oauth_spec.rb": {
        "lines": [
          null,
          null,
          1,
          1,
          1,
          null,
          null,
          null,
          1,
          1,
          6,
          6,
          null,
          null,
          1,
          6,
          null,
          null,
          1,
          1,
          1,
          1,
          1,
          null,
          null,
          1,
          1,
          1,
          1,
          1,
          null,
          null,
          1,
          1,
          1,
          1,
          1,
          null,
          null,
          1,
          1,
          1,
          1,
          1,
          1,
          1,
          1,
          1,
          1,
          1,
          null,
          1,
          1,
          0,
          null,
          null,
          1,
          1,
          null,
          null,
          1,
          1,
          1,
          1,
          1,
          1,
          1,
          1,
          1,
          1,
          1,
          1,
          null,
          null,
          1,
          1,
          1,
          1,
          1,
          null,
          1,
          1,
          1,
          null,
          1,
          1,
          1,
          null,
          null,
          1,
          null,
          1,
          3,
          null,
          null,
          null,
          null,
          null,
          null,
          null,
          null,
          null,
          null,
          null,
          null,
          null,
          null,
          1,
          1,
          null,
          null,
          null,
          null,
          null,
          null,
          null,
          null,
          null,
          null,
          null,
          null,
          null,
          null,
          1,
          4,
          null,
          null,
          null,
          null,
          null,
          null,
          null,
          null,
          null,
          null,
          null,
          null,
          null,
          null
        ]
      },
      "/csce431/csce431/cadet-member-tracker/spec/feature/integration_spec.rb": {
        "lines": [
          null,
          1,
          null,
          1,
          1,
          1,
          1,
          0,
          0,
          0,
          0,
          0,
          0,
          0,
          0,
          0,
          null,
          null,
          1,
          1,
          1,
          0,
          0,
          0,
          0,
          0,
          0,
          0,
          0,
          0,
          null,
          null,
          1,
          1,
          1,
          0,
          0,
          0,
          0,
          0,
          0,
          0,
          0,
          0,
          null,
          null,
          null
        ]
      },
      "/csce431/csce431/cadet-member-tracker/spec/helpers/meetings_helper_spec.rb": {
        "lines": [
          1,
          null,
          null,
          null,
          null,
          null,
          null,
          null,
          null,
          null,
          null,
          null,
          1,
          1,
          null
        ]
      },
      "/csce431/csce431/cadet-member-tracker/spec/models/meeting_spec.rb": {
        "lines": [
          1,
          null,
          1,
          1,
          null
        ]
      },
      "/csce431/csce431/cadet-member-tracker/app/models/meeting.rb": {
        "lines": [
          1,
          null
        ]
      },
      "/csce431/csce431/cadet-member-tracker/spec/requests/meetings_spec.rb": {
        "lines": [
          1,
          null,
          null,
          null,
          null,
          null,
          null,
          null,
          null,
          null,
          null,
          null,
          null,
          null,
          1,
          null,
          null,
          null,
          1,
          10,
          null,
          null,
          1,
          2,
          null,
          null,
          1,
          1,
          1,
          0,
          0,
          null,
          null,
          null,
          1,
          1,
          1,
          0,
          0,
          null,
          null,
          null,
          1,
          1,
          1,
          1,
          null,
          null,
          null,
          1,
          1,
          1,
          0,
          0,
          null,
          null,
          null,
          1,
          1,
          1,
          1,
          1,
          null,
          null,
          null,
          1,
          1,
          0,
          null,
          null,
          null,
          1,
          1,
          1,
          1,
          null,
          null,
          null,
          1,
          1,
          0,
          null,
          null,
          null,
          null,
          1,
          1,
          1,
          0,
          null,
          null,
          1,
          1,
          0,
          0,
          0,
          null,
          null,
          1,
          1,
          0,
          0,
          0,
          null,
          null,
          null,
          1,
          1,
          1,
          0,
          0,
          null,
          null,
          null,
          null,
          1,
          1,
          1,
          0,
          0,
          null,
          null,
          null,
          1,
          1,
          0,
          0,
          null,
          null,
          null
        ]
      },
      "/csce431/csce431/cadet-member-tracker/spec/routing/meetings_routing_spec.rb": {
        "lines": [
          1,
          null,
          1,
          1,
          1,
          1,
          null,
          null,
          1,
          1,
          null,
          null,
          1,
          1,
          null,
          null,
          1,
          1,
          null,
          null,
          null,
          1,
          1,
          null,
          null,
          1,
          1,
          null,
          null,
          1,
          1,
          null,
          null,
          1,
          1,
          null,
          null,
          null
        ]
      },
      "/csce431/csce431/cadet-member-tracker/app/controllers/meetings_controller.rb": {
        "lines": [
          1,
          1,
          null,
          null,
          1,
          4,
          null,
          null,
          null,
          1,
          null,
          null,
          null,
          1,
          2,
          null,
          null,
          null,
          1,
          null,
          null,
          null,
          1,
          1,
          null,
          1,
          1,
          2,
          1,
          null,
          0,
          0,
          null,
          null,
          null,
          null,
          null,
          1,
          1,
          1,
          2,
          1,
          null,
          0,
          0,
          null,
          null,
          null,
          null,
          null,
          1,
          0,
          0,
          0,
          0,
          null,
          null,
          null,
          1,
          null,
          1,
          4,
          null,
          null,
          null,
          1,
          2,
          null,
          null
        ]
      },
      "/csce431/csce431/cadet-member-tracker/app/controllers/application_controller.rb": {
        "lines": [
          1,
          null,
          null,
          null,
          null
        ]
      },
      "/csce431/csce431/cadet-member-tracker/spec/views/meetings/edit.html.erb_spec.rb": {
        "lines": [
          1,
          null,
          1,
          1,
          1,
          null,
          null,
          null,
          null,
          null,
          1,
          1,
          null,
          1,
          null,
          1,
          null,
          1,
          null,
          null,
          null
        ]
      },
      "/csce431/csce431/cadet-member-tracker/spec/views/meetings/index.html.erb_spec.rb": {
        "lines": [
          1,
          null,
          1,
          1,
          1,
          null,
          null,
          null,
          null,
          null,
          null,
          null,
          null,
          null,
          null,
          null,
          1,
          1,
          0,
          0,
          null,
          null
        ]
      },
      "/csce431/csce431/cadet-member-tracker/spec/views/meetings/new.html.erb_spec.rb": {
        "lines": [
          1,
          null,
          1,
          1,
          1,
          null,
          null,
          null,
          null,
          null,
          1,
          1,
          null,
          0,
          null,
          0,
          null,
          0,
          null,
          null,
          null
        ]
      },
      "/csce431/csce431/cadet-member-tracker/spec/views/meetings/show.html.erb_spec.rb": {
        "lines": [
          1,
          null,
          1,
          1,
          1,
          null,
          null,
          null,
          null,
          null,
          1,
          1,
          0,
          0,
          null,
          null
        ]
      },
      "/csce431/csce431/cadet-member-tracker/app/controllers/sign_in_controller.rb": {
        "lines": [
          null,
          null,
          1,
          1,
          null,
          1,
          18,
          null,
          null,
          1,
          null,
          1,
          null,
          null,
          1,
          null,
          1,
          null,
          1,
          null,
          null,
          1,
          null,
          null,
          1,
          null,
          null,
          1,
          3,
          null,
          null
        ]
      },
      "/csce431/csce431/cadet-member-tracker/app/controllers/members/omniauth_callbacks_controller.rb": {
        "lines": [
          1,
          1,
          10,
          null,
          10,
          null,
          9,
          9,
          null,
          null,
          1,
          1,
          1,
          null,
          null,
          null,
          1,
          null,
          1,
          null,
          null,
          null,
          1,
          9,
          null,
          null,
          1,
          null,
          1,
          10,
          null,
          null,
          null,
          null,
          10,
          null,
          null,
          null,
          1,
          51,
          null,
          null
        ]
      },
      "/csce431/csce431/cadet-member-tracker/app/controllers/home_controller.rb": {
        "lines": [
          1,
          1,
          null,
          null,
          1,
          12,
          null,
          null,
          null,
          1,
          null,
          null,
          null,
          1,
          0,
          null,
          null,
          null,
          1,
          null,
          null,
          null,
          1,
          0,
          null,
          0,
          0,
          0,
          0,
          null,
          0,
          0,
          null,
          null,
          null,
          null,
          null,
          1,
          0,
          0,
          0,
          0,
          null,
          0,
          0,
          null,
          null,
          null,
          null,
          null,
          1,
          0,
          0,
          0,
          0,
          null,
          null,
          null,
          1,
          null,
          1,
          0,
          null,
          null,
          null,
          1,
          0,
          null,
          null
        ]
      },
      "/csce431/csce431/cadet-member-tracker/app/models/announcement.rb": {
        "lines": [
          1,
          null
        ]
      },
      "/csce431/csce431/cadet-member-tracker/app/controllers/attendances_controller.rb": {
        "lines": [
          1,
          1,
          null,
          null,
          1,
          4,
          null,
          null,
          null,
          1,
          null,
          null,
          null,
          1,
          0,
          null,
          null,
          null,
          1,
          null,
          null,
          null,
          1,
          1,
          null,
          1,
          1,
          2,
          1,
          null,
          0,
          0,
          null,
          null,
          null,
          null,
          null,
          1,
          0,
          0,
          0,
          0,
          null,
          0,
          0,
          null,
          null,
          null,
          null,
          null,
          1,
          0,
          0,
          0,
          0,
          null,
          null,
          null,
          1,
          0,
          null,
          null,
          1,
          null,
          1,
          2,
          null,
          null,
          null,
          1,
          1,
          null,
          null
        ]
      },
      "/csce431/csce431/cadet-member-tracker/app/models/attendance.rb": {
        "lines": [
          1,
          null
        ]
      },
      "/csce431/csce431/cadet-member-tracker/app/controllers/affiliate_orgs_controller.rb": {
        "lines": [
          1,
          1,
          null,
          null,
          1,
          4,
          null,
          null,
          null,
          1,
          null,
          null,
          null,
          1,
          1,
          null,
          null,
          null,
          1,
          null,
          null,
          null,
          1,
          1,
          null,
          1,
          1,
          2,
          1,
          null,
          0,
          0,
          null,
          null,
          null,
          null,
          null,
          1,
          1,
          1,
          2,
          1,
          null,
          0,
          0,
          null,
          null,
          null,
          null,
          null,
          1,
          0,
          0,
          0,
          0,
          null,
          null,
          null,
          1,
          null,
          1,
          4,
          null,
          null,
          null,
          1,
          2,
          null,
          null
        ]
      },
      "/csce431/csce431/cadet-member-tracker/app/models/affiliate_org.rb": {
        "lines": [
          1,
          null
        ]
      },
      "/csce431/csce431/cadet-member-tracker/app/controllers/member_controller.rb": {
        "lines": [
          null,
          null,
          1,
          1,
          null,
          1,
          null,
          null,
          1,
          null,
          1,
          null,
          null,
          1,
          null,
          1,
          null,
          1,
          1,
          1,
          2,
          1,
          null,
          null,
          null,
          null,
          1,
          1,
          1,
          2,
          1,
          null,
          null,
          null,
          1,
          null,
          null,
          1,
          2,
          null,
          null,
          null,
          1,
          1,
          null,
          null
        ]
      },
      "/csce431/csce431/cadet-member-tracker/app/controllers/announcements_controller.rb": {
        "lines": [
          1,
          1,
          null,
          null,
          1,
          0,
          null,
          null,
          null,
          1,
          null,
          null,
          null,
          1,
          3,
          null,
          null,
          null,
          1,
          null,
          null,
          null,
          1,
          0,
          null,
          0,
          0,
          0,
          0,
          null,
          0,
          0,
          null,
          null,
          null,
          null,
          null,
          1,
          0,
          0,
          0,
          0,
          null,
          0,
          0,
          null,
          null,
          null,
          null,
          null,
          1,
          0,
          0,
          0,
          0,
          null,
          null,
          null,
          1,
          null,
          1,
          0,
          null,
          null,
          null,
          1,
          0,
          null,
          null
        ]
      }
    },
    "timestamp": 1637040433
  }
}
