{
  "RSpec": {
    "coverage": {
      "/csce431/csce431/cadet-member-tracker/app/controllers/sign_in_controller.rb": {
        "lines": [
          null,
          null,
          1,
          1,
          null,
          1,
          16,
          null,
          null,
          1,
          null,
          1,
          null,
          null,
          1,
          null,
          1,
          null,
          1,
          null,
          null,
          1,
          null,
          null,
          1,
          null,
          null,
          1,
          3,
          null,
          null
        ]
      },
      "/csce431/csce431/cadet-member-tracker/app/controllers/application_controller.rb": {
        "lines": [
          1,
          null,
          null,
          null,
          null
        ]
      },
      "/csce431/csce431/cadet-member-tracker/app/controllers/members/omniauth_callbacks_controller.rb": {
        "lines": [
          1,
          1,
          8,
          null,
          8,
          null,
          7,
          7,
          null,
          null,
          1,
          1,
          1,
          null,
          null,
          null,
          1,
          null,
          1,
          null,
          null,
          null,
          1,
          7,
          null,
          null,
          1,
          null,
          1,
          8,
          null,
          null,
          null,
          null,
          8,
          null,
          null,
          null,
          1,
          41,
          null,
          null
        ]
      },
      "/csce431/csce431/cadet-member-tracker/app/controllers/home_controller.rb": {
        "lines": [
          1,
          1,
          null,
          null
        ]
      },
      "/csce431/csce431/cadet-member-tracker/app/controllers/member_controller.rb": {
        "lines": [
          null,
          null,
          1,
          1,
          null,
          1,
          null,
          null,
          1,
          null,
          1,
          null,
          null,
          1,
          null,
          1,
          null,
          1,
          1,
          1,
          2,
          1,
          null,
          null,
          null,
          null,
          1,
          1,
          1,
          2,
          1,
          null,
          null,
          null,
          1,
          null,
          null,
          1,
          2,
          null,
          null,
          null,
          1,
          1,
          null,
          null
        ]
      }
    },
    "timestamp": 1637025403
  }
}
